2024-12-07 15:47:26,340 - INFO - Initializing WebDriver for Chrome
2024-12-07 15:47:29,851 - INFO - Opening IRCTC homepage
2024-12-07 15:47:37,498 - INFO - Homepage opened successfully
2024-12-07 15:47:37,498 - INFO - Test Case 1 Passed
2024-12-07 15:47:37,499 - INFO - Entering source station
2024-12-07 15:47:39,430 - INFO - Entering destination station
2024-12-07 15:47:40,822 - INFO - Entering journey date
2024-12-07 15:47:41,420 - INFO - Selecting class of journey
2024-12-07 15:47:42,006 - INFO - Checking concession checkbox
2024-12-07 15:47:42,388 - INFO - Closing concession popup
2024-12-07 15:47:42,649 - INFO - Finding trains
2024-12-07 15:47:43,028 - INFO - Selecting train
2024-12-07 15:47:43,087 - ERROR - Failed to book train: Message: no such element: Unable to locate element: {"method":"xpath","selector":"//div[contains(@class, 'train-heading')]//strong[contains(text(), 'LTT PATNA EXP (13202)')]"}
  (Session info: chrome=131.0.6778.109); For documentation on this error, please visit: https://www.selenium.dev/documentation/webdriver/troubleshooting/errors#no-such-element-exception
Stacktrace:
	GetHandleVerifier [0x00007FF7A7506CF5+28821]
	(No symbol) [0x00007FF7A7473880]
	(No symbol) [0x00007FF7A731578A]
	(No symbol) [0x00007FF7A73691BE]
	(No symbol) [0x00007FF7A73694AC]
	(No symbol) [0x00007FF7A73B2647]
	(No symbol) [0x00007FF7A738F33F]
	(No symbol) [0x00007FF7A73AF412]
	(No symbol) [0x00007FF7A738F0A3]
	(No symbol) [0x00007FF7A735A778]
	(No symbol) [0x00007FF7A735B8E1]
	GetHandleVerifier [0x00007FF7A783FCED+3408013]
	GetHandleVerifier [0x00007FF7A785745F+3504127]
	GetHandleVerifier [0x00007FF7A784B63D+3455453]
	GetHandleVerifier [0x00007FF7A75CBDFB+835995]
	(No symbol) [0x00007FF7A747EB9F]
	(No symbol) [0x00007FF7A747A854]
	(No symbol) [0x00007FF7A747A9ED]
	(No symbol) [0x00007FF7A746A1D9]
	BaseThreadInitThunk [0x00007FFE15207374+20]
	RtlUserThreadStart [0x00007FFE1625CC91+33]

2024-12-07 15:47:43,087 - INFO - Clicking on Login Button
2024-12-07 15:47:44,240 - INFO - Entering username
2024-12-07 15:47:46,531 - INFO - Entered username
2024-12-07 15:47:46,531 - INFO - Entering password
2024-12-07 15:47:48,905 - INFO - Entered password
2024-12-07 15:47:48,905 - INFO - Handling CAPTCHA
2024-12-07 15:47:49,622 - INFO - Extracted CAPTCHA text: MPQ@q7
2024-12-07 15:47:49,623 - INFO - Locating and entering Captcha
2024-12-07 15:47:49,868 - INFO - Entered Captcha
2024-12-07 15:47:53,244 - INFO - Login successful
2024-12-07 15:47:53,245 - INFO - Test Case 2 Passed
2024-12-07 15:47:58,248 - INFO - Closing the browser
