2024-12-07 16:02:32,924 - INFO - Initializing WebDriver for Chrome
2024-12-07 16:02:36,568 - INFO - Opening IRCTC homepage
2024-12-07 16:02:43,902 - INFO - Test Case 1 Passed
2024-12-07 16:02:43,902 - INFO - Enter the source 
2024-12-07 16:03:01,320 - INFO - Entered Source
2024-12-07 16:03:01,321 - INFO - Enter the Destination 
2024-12-07 16:03:02,499 - INFO - Entering the date
2024-12-07 16:03:03,188 - INFO - Entered the date
2024-12-07 16:03:03,189 - INFO - Waiting for class selection dropdown
2024-12-07 16:03:03,520 - INFO - Selecting travel class
2024-12-07 16:03:04,200 - INFO - Clicked Checkbox
2024-12-07 16:03:04,200 - INFO - trying for closing popup window by ok
2024-12-07 16:03:04,442 - INFO - closed popups
2024-12-07 16:03:09,759 - INFO - Searching Train 
2024-12-07 16:03:12,769 - INFO - Test Cases 3 passed
2024-12-07 16:03:16,169 - INFO - Find the Train Name
2024-12-07 16:03:16,169 - INFO - refreshing and checking available seats
2024-12-07 16:03:16,346 - INFO - refreshing done
2024-12-07 16:03:18,355 - INFO - Selecting date for journey
2024-12-07 16:03:18,527 - INFO - Selected date
2024-12-07 16:03:18,528 - INFO - pressing book button
2024-12-07 16:03:18,892 - INFO - pressed book button
2024-12-07 16:03:18,893 - INFO - Test Cases 4 passed
2024-12-07 16:03:19,650 - INFO - Locating and entering username
2024-12-07 16:03:21,897 - INFO - Entered username
2024-12-07 16:03:21,897 - INFO - Locating and entering password
2024-12-07 16:03:24,479 - INFO - Entered password
2024-12-07 16:03:24,479 - INFO - Finding the captcha code and storing in png file
2024-12-07 16:03:24,522 - INFO - extracting the captcha code and saving in png file
2024-12-07 16:03:24,779 - INFO - extracting the captcha code text
2024-12-07 16:03:25,280 - INFO - extracted the captcha code text
2024-12-07 16:03:25,281 - INFO - Locating and entering Captcha
2024-12-07 16:03:25,579 - INFO - Entered Captcha
2024-12-07 16:03:31,795 - ERROR - An error occurred: Message: element click intercepted: Element <button _ngcontent-dcc-c99="" type="submit" class="hidden-xs search_btn btn">...</button> is not clickable at point (1168, 143). Other element would receive the click: <iframe id="google_ads_iframe_/37179215/GPT_NWEB_LOGIN_TOP_0" name="google_ads_iframe_/37179215/GPT_NWEB_LOGIN_TOP_0" title="3rd party ad content" width="640" height="480" scrolling="no" marginwidth="0" marginheight="0" frameborder="0" aria-label="Advertisement" tabindex="0" allow="private-state-token-redemption;attribution-reporting" data-load-complete="true" data-google-container-id="b" style="border: 0px; vertical-align: bottom;" data-gtm-yt-inspected-14="true" data-gtm-yt-inspected-23="true" data-gtm-yt-inspected-37="true"></iframe>
  (Session info: chrome=131.0.6778.109)
Stacktrace:
	GetHandleVerifier [0x00007FF7A7506CF5+28821]
	(No symbol) [0x00007FF7A7473880]
	(No symbol) [0x00007FF7A731578A]
	(No symbol) [0x00007FF7A7370E8E]
	(No symbol) [0x00007FF7A736E92C]
	(No symbol) [0x00007FF7A736BAF6]
	(No symbol) [0x00007FF7A736AA51]
	(No symbol) [0x00007FF7A735CBA0]
	(No symbol) [0x00007FF7A738F2FA]
	(No symbol) [0x00007FF7A735C3F6]
	(No symbol) [0x00007FF7A738F510]
	(No symbol) [0x00007FF7A73AF412]
	(No symbol) [0x00007FF7A738F0A3]
	(No symbol) [0x00007FF7A735A778]
	(No symbol) [0x00007FF7A735B8E1]
	GetHandleVerifier [0x00007FF7A783FCED+3408013]
	GetHandleVerifier [0x00007FF7A785745F+3504127]
	GetHandleVerifier [0x00007FF7A784B63D+3455453]
	GetHandleVerifier [0x00007FF7A75CBDFB+835995]
	(No symbol) [0x00007FF7A747EB9F]
	(No symbol) [0x00007FF7A747A854]
	(No symbol) [0x00007FF7A747A9ED]
	(No symbol) [0x00007FF7A746A1D9]
	BaseThreadInitThunk [0x00007FFE15207374+20]
	RtlUserThreadStart [0x00007FFE1625CC91+33]

2024-12-07 16:03:36,805 - INFO - Closing the browser
2024-12-07 16:03:36,806 - INFO - -----------------------------$-------------------------$------------------------------------------
