2024-12-07 17:58:49,049 - INFO - Initializing WebDriver for Chrome
2024-12-07 17:58:52,737 - INFO - Opening IRCTC homepage
2024-12-07 17:58:53,073 - INFO - Homepage opened successfully
2024-12-07 17:58:53,073 - INFO - Test Case 1 Passed
2024-12-07 17:58:56,078 - INFO - Entering source station
2024-12-07 17:59:03,039 - INFO - Entering destination station
2024-12-07 17:59:04,704 - INFO - Entering journey date
2024-12-07 17:59:05,267 - INFO - Selecting class of journey
2024-12-07 17:59:05,991 - INFO - Checking concession checkbox
2024-12-07 17:59:06,368 - INFO - Closing concession popup
2024-12-07 17:59:06,619 - INFO - Finding trains
2024-12-07 17:59:10,023 - INFO - Selecting train
2024-12-07 17:59:13,158 - INFO - Find the Train Name
2024-12-07 17:59:13,158 - INFO - Refreshing and selecting date
2024-12-07 17:59:13,445 - INFO - refreshing done
2024-12-07 17:59:15,449 - INFO - Selecting date for journey
2024-12-07 17:59:15,623 - INFO - Selected date
2024-12-07 17:59:15,623 - INFO - pressing book button
2024-12-07 17:59:16,061 - INFO - pressed book button
2024-12-07 17:59:19,152 - INFO - Entering username
2024-12-07 17:59:21,406 - INFO - Entered username
2024-12-07 17:59:21,406 - INFO - Entering password
2024-12-07 17:59:23,684 - INFO - Entered password
2024-12-07 17:59:23,684 - INFO - Handling CAPTCHA
2024-12-07 17:59:24,459 - INFO - Extracted CAPTCHA text: QhugL3
2024-12-07 17:59:24,460 - INFO - Locating and entering Captcha
2024-12-07 17:59:24,704 - INFO - Entered Captcha
2024-12-07 17:59:28,084 - INFO - Login successful
2024-12-07 17:59:28,084 - INFO - Test Case 2 Passed
2024-12-07 17:59:31,090 - INFO - Entering the passenger name
2024-12-07 17:59:31,143 - ERROR - Failed to book train: Message: no such element: Unable to locate element: {"method":"css selector","selector":"input[placeholder='Name']"}
  (Session info: chrome=131.0.6778.109); For documentation on this error, please visit: https://www.selenium.dev/documentation/webdriver/troubleshooting/errors#no-such-element-exception
Stacktrace:
	GetHandleVerifier [0x00007FF637A36CF5+28821]
	(No symbol) [0x00007FF6379A3880]
	(No symbol) [0x00007FF63784578A]
	(No symbol) [0x00007FF6378991BE]
	(No symbol) [0x00007FF6378994AC]
	(No symbol) [0x00007FF6378E2647]
	(No symbol) [0x00007FF6378BF33F]
	(No symbol) [0x00007FF6378DF412]
	(No symbol) [0x00007FF6378BF0A3]
	(No symbol) [0x00007FF63788A778]
	(No symbol) [0x00007FF63788B8E1]
	GetHandleVerifier [0x00007FF637D6FCED+3408013]
	GetHandleVerifier [0x00007FF637D8745F+3504127]
	GetHandleVerifier [0x00007FF637D7B63D+3455453]
	GetHandleVerifier [0x00007FF637AFBDFB+835995]
	(No symbol) [0x00007FF6379AEB9F]
	(No symbol) [0x00007FF6379AA854]
	(No symbol) [0x00007FF6379AA9ED]
	(No symbol) [0x00007FF63799A1D9]
	BaseThreadInitThunk [0x00007FFE15207374+20]
	RtlUserThreadStart [0x00007FFE1625CC91+33]

2024-12-07 17:59:36,152 - INFO - Closing the browser
