2024-12-06 13:54:32,753 - INFO - Initializing WebDriver for Chrome
2024-12-06 13:54:36,235 - INFO - Opening IRCTC homepage
2024-12-06 13:54:43,765 - INFO - Test Case 1 Passed
2024-12-06 13:54:43,766 - INFO - Clicking on Login Button
2024-12-06 13:54:45,855 - INFO - Clicked on Login Button
2024-12-06 13:54:48,343 - INFO - Locating and entering username
2024-12-06 13:54:50,784 - INFO - Entered username
2024-12-06 13:54:50,785 - INFO - Locating and entering password
2024-12-06 13:54:53,461 - INFO - Entered password
2024-12-06 13:54:53,462 - INFO - Finding the captcha code and storing in png file
2024-12-06 13:54:53,539 - INFO - extracting the captcha code and saving in png file
2024-12-06 13:54:53,879 - INFO - extracting the captcha code text
2024-12-06 13:54:55,332 - INFO - extracted the captcha code text
2024-12-06 13:54:55,334 - INFO - Locating and entering Captcha
2024-12-06 13:54:55,832 - INFO - Entered Captcha
2024-12-06 13:55:00,001 - ERROR - An error occurred: Message: element click intercepted: Element <button _ngcontent-jsi-c67="" type="submit" label="Find Trains" class="search_btn train_...">Search</button> is not clickable at point (169, 576). Other element would receive the click: <div class="ng-tns-c19-13 ui-dialog-mask ui-widget-overlay ui-dialog-visible ui-dialog-mask-scrollblocker ng-star-inserted" style="z-index: 1000;">...</div>
  (Session info: chrome=131.0.6778.109)
Stacktrace:
	GetHandleVerifier [0x00007FF701736CF5+28821]
	(No symbol) [0x00007FF7016A3880]
	(No symbol) [0x00007FF70154578A]
	(No symbol) [0x00007FF7015A0E8E]
	(No symbol) [0x00007FF70159E92C]
	(No symbol) [0x00007FF70159BAF6]
	(No symbol) [0x00007FF70159AA51]
	(No symbol) [0x00007FF70158CBA0]
	(No symbol) [0x00007FF7015BF2FA]
	(No symbol) [0x00007FF70158C3F6]
	(No symbol) [0x00007FF7015BF510]
	(No symbol) [0x00007FF7015DF412]
	(No symbol) [0x00007FF7015BF0A3]
	(No symbol) [0x00007FF70158A778]
	(No symbol) [0x00007FF70158B8E1]
	GetHandleVerifier [0x00007FF701A6FCED+3408013]
	GetHandleVerifier [0x00007FF701A8745F+3504127]
	GetHandleVerifier [0x00007FF701A7B63D+3455453]
	GetHandleVerifier [0x00007FF7017FBDFB+835995]
	(No symbol) [0x00007FF7016AEB9F]
	(No symbol) [0x00007FF7016AA854]
	(No symbol) [0x00007FF7016AA9ED]
	(No symbol) [0x00007FF70169A1D9]
	BaseThreadInitThunk [0x00007FFDC2277374+20]
	RtlUserThreadStart [0x00007FFDC259CC91+33]

