2024-12-07 16:16:45,776 - INFO - Initializing WebDriver for Chrome
2024-12-07 16:16:49,525 - INFO - Opening IRCTC homepage
2024-12-07 16:16:49,988 - INFO - Homepage opened successfully
2024-12-07 16:16:49,989 - INFO - Test Case 1 Passed
2024-12-07 16:16:49,990 - INFO - Entering source station
2024-12-07 16:17:00,290 - INFO - Entering destination station
2024-12-07 16:17:01,685 - INFO - Entering journey date
2024-12-07 16:17:02,270 - INFO - Selecting class of journey
2024-12-07 16:17:02,840 - INFO - Checking concession checkbox
2024-12-07 16:17:03,244 - INFO - Closing concession popup
2024-12-07 16:17:03,487 - INFO - Finding trains
2024-12-07 16:17:06,858 - INFO - Selecting train
2024-12-07 16:17:09,970 - INFO - Find the Train Name
2024-12-07 16:17:09,970 - INFO - Refreshing and selecting date
2024-12-07 16:17:10,272 - INFO - refreshing done
2024-12-07 16:17:12,272 - INFO - Selecting date for journey
2024-12-07 16:17:12,477 - INFO - Selected date
2024-12-07 16:17:12,478 - INFO - pressing book button
2024-12-07 16:17:12,767 - INFO - pressed book button
2024-12-07 16:17:12,767 - INFO - Clicking on Login Button
2024-12-07 16:17:14,111 - ERROR - Error during login: Message: element click intercepted: Element <a _ngcontent-vjg-c48="" tabindex="0" aria-label="Click here to Login in application" class="search_btn loginText ng-star-inserted">...</a> is not clickable at point (261, 27). Other element would receive the click: <div class="ng-tns-c19-52 ui-dialog-mask ui-widget-overlay ui-dialog-visible ui-dialog-mask-scrollblocker ng-star-inserted" style="z-index: 1007;">...</div>
  (Session info: chrome=131.0.6778.109)
Stacktrace:
	GetHandleVerifier [0x00007FF7A7506CF5+28821]
	(No symbol) [0x00007FF7A7473880]
	(No symbol) [0x00007FF7A731578A]
	(No symbol) [0x00007FF7A7370E8E]
	(No symbol) [0x00007FF7A736E92C]
	(No symbol) [0x00007FF7A736BAF6]
	(No symbol) [0x00007FF7A736AA51]
	(No symbol) [0x00007FF7A735CBA0]
	(No symbol) [0x00007FF7A738F2FA]
	(No symbol) [0x00007FF7A735C3F6]
	(No symbol) [0x00007FF7A738F510]
	(No symbol) [0x00007FF7A73AF412]
	(No symbol) [0x00007FF7A738F0A3]
	(No symbol) [0x00007FF7A735A778]
	(No symbol) [0x00007FF7A735B8E1]
	GetHandleVerifier [0x00007FF7A783FCED+3408013]
	GetHandleVerifier [0x00007FF7A785745F+3504127]
	GetHandleVerifier [0x00007FF7A784B63D+3455453]
	GetHandleVerifier [0x00007FF7A75CBDFB+835995]
	(No symbol) [0x00007FF7A747EB9F]
	(No symbol) [0x00007FF7A747A854]
	(No symbol) [0x00007FF7A747A9ED]
	(No symbol) [0x00007FF7A746A1D9]
	BaseThreadInitThunk [0x00007FFE15207374+20]
	RtlUserThreadStart [0x00007FFE1625CC91+33]

2024-12-07 16:17:14,111 - ERROR - An unexpected error occurred: Message: element click intercepted: Element <a _ngcontent-vjg-c48="" tabindex="0" aria-label="Click here to Login in application" class="search_btn loginText ng-star-inserted">...</a> is not clickable at point (261, 27). Other element would receive the click: <div class="ng-tns-c19-52 ui-dialog-mask ui-widget-overlay ui-dialog-visible ui-dialog-mask-scrollblocker ng-star-inserted" style="z-index: 1007;">...</div>
  (Session info: chrome=131.0.6778.109)
Stacktrace:
	GetHandleVerifier [0x00007FF7A7506CF5+28821]
	(No symbol) [0x00007FF7A7473880]
	(No symbol) [0x00007FF7A731578A]
	(No symbol) [0x00007FF7A7370E8E]
	(No symbol) [0x00007FF7A736E92C]
	(No symbol) [0x00007FF7A736BAF6]
	(No symbol) [0x00007FF7A736AA51]
	(No symbol) [0x00007FF7A735CBA0]
	(No symbol) [0x00007FF7A738F2FA]
	(No symbol) [0x00007FF7A735C3F6]
	(No symbol) [0x00007FF7A738F510]
	(No symbol) [0x00007FF7A73AF412]
	(No symbol) [0x00007FF7A738F0A3]
	(No symbol) [0x00007FF7A735A778]
	(No symbol) [0x00007FF7A735B8E1]
	GetHandleVerifier [0x00007FF7A783FCED+3408013]
	GetHandleVerifier [0x00007FF7A785745F+3504127]
	GetHandleVerifier [0x00007FF7A784B63D+3455453]
	GetHandleVerifier [0x00007FF7A75CBDFB+835995]
	(No symbol) [0x00007FF7A747EB9F]
	(No symbol) [0x00007FF7A747A854]
	(No symbol) [0x00007FF7A747A9ED]
	(No symbol) [0x00007FF7A746A1D9]
	BaseThreadInitThunk [0x00007FFE15207374+20]
	RtlUserThreadStart [0x00007FFE1625CC91+33]

2024-12-07 16:17:19,114 - INFO - Closing the browser
