2024-12-06 18:40:42,946 - INFO - Initializing WebDriver for Chrome
2024-12-06 18:40:46,727 - INFO - Opening IRCTC homepage
2024-12-06 18:40:55,880 - INFO - Test Case 1 Passed
2024-12-06 18:40:55,880 - INFO - Enter the source 
2024-12-06 18:40:58,151 - INFO - Entered Source
2024-12-06 18:40:58,152 - INFO - Enter the Destination 
2024-12-06 18:41:00,584 - ERROR - An error occurred: Message: element click intercepted: Element <input aria-autocomplete="list" role="searchbox" aria-haspopup="true" class="ng-tns-c57-9 ui-inputtext ui-widget ui-state-default ui-corner-all ui-autocomplete-input ng-star-inserted" autocomplete="off" type="text" aria-controls="pr_id_2_list" aria-expanded="true" aria-activedescendant="p-highlighted-option"> is not clickable at point (260, 383). Other element would receive the click: <li role="option" class="ng-tns-c57-8 ui-autocomplete-list-item ui-corner-all ng-star-inserted" id="" style="">...</li>
  (Session info: chrome=131.0.6778.109)
Stacktrace:
	GetHandleVerifier [0x00007FF7A59B6CF5+28821]
	(No symbol) [0x00007FF7A5923880]
	(No symbol) [0x00007FF7A57C578A]
	(No symbol) [0x00007FF7A5820E8E]
	(No symbol) [0x00007FF7A581E92C]
	(No symbol) [0x00007FF7A581BAF6]
	(No symbol) [0x00007FF7A581AA51]
	(No symbol) [0x00007FF7A580CBA0]
	(No symbol) [0x00007FF7A583F2FA]
	(No symbol) [0x00007FF7A580C3F6]
	(No symbol) [0x00007FF7A583F510]
	(No symbol) [0x00007FF7A585F412]
	(No symbol) [0x00007FF7A583F0A3]
	(No symbol) [0x00007FF7A580A778]
	(No symbol) [0x00007FF7A580B8E1]
	GetHandleVerifier [0x00007FF7A5CEFCED+3408013]
	GetHandleVerifier [0x00007FF7A5D0745F+3504127]
	GetHandleVerifier [0x00007FF7A5CFB63D+3455453]
	GetHandleVerifier [0x00007FF7A5A7BDFB+835995]
	(No symbol) [0x00007FF7A592EB9F]
	(No symbol) [0x00007FF7A592A854]
	(No symbol) [0x00007FF7A592A9ED]
	(No symbol) [0x00007FF7A591A1D9]
	BaseThreadInitThunk [0x00007FFE403D7374+20]
	RtlUserThreadStart [0x00007FFE414FCC91+33]

2024-12-06 18:41:05,586 - INFO - Closing the browser
2024-12-06 18:41:05,588 - INFO - -----------------------------$-------------------------$------------------------------------------
