2024-12-07 17:42:46,831 - INFO - Initializing WebDriver for Chrome
2024-12-07 17:42:51,451 - INFO - Opening IRCTC homepage
2024-12-07 17:43:00,471 - INFO - Test Case 1 Passed
2024-12-07 17:43:00,471 - INFO - Enter the source 
2024-12-07 17:43:17,901 - INFO - Entered Source
2024-12-07 17:43:17,901 - INFO - Enter the Destination 
2024-12-07 17:43:19,228 - INFO - Entering the date
2024-12-07 17:43:19,780 - INFO - Entered the date
2024-12-07 17:43:19,780 - INFO - Waiting for class selection dropdown
2024-12-07 17:43:20,300 - INFO - Selecting travel class
2024-12-07 17:43:21,135 - INFO - Clicked Checkbox
2024-12-07 17:43:21,137 - INFO - trying for closing popup window by ok
2024-12-07 17:43:21,438 - INFO - closed popups
2024-12-07 17:43:26,728 - INFO - Searching Train 
2024-12-07 17:43:29,734 - INFO - Test Cases 3 passed
2024-12-07 17:43:32,837 - INFO - Find the Train Name
2024-12-07 17:43:32,839 - INFO - refreshing and checking available seats
2024-12-07 17:43:33,064 - INFO - refreshing done
2024-12-07 17:43:35,073 - INFO - Selecting date for journey
2024-12-07 17:43:35,250 - INFO - Selected date
2024-12-07 17:43:35,251 - INFO - pressing book button
2024-12-07 17:43:35,588 - INFO - pressed book button
2024-12-07 17:43:35,589 - INFO - Test Cases 4 passed
2024-12-07 17:43:36,397 - INFO - Locating and entering username
2024-12-07 17:43:38,678 - INFO - Entered username
2024-12-07 17:43:38,678 - INFO - Locating and entering password
2024-12-07 17:43:40,984 - INFO - Entered password
2024-12-07 17:43:40,984 - INFO - Finding the captcha code and storing in png file
2024-12-07 17:43:41,016 - INFO - extracting the captcha code and saving in png file
2024-12-07 17:43:41,213 - INFO - extracting the captcha code text
2024-12-07 17:43:41,729 - INFO - extracted the captcha code text
2024-12-07 17:43:41,730 - INFO - Locating and entering Captcha
2024-12-07 17:43:42,161 - INFO - Entered Captcha
2024-12-07 17:43:47,438 - INFO - Login Successfully !
2024-12-07 17:43:47,439 - INFO - Test Case 2 Passed
2024-12-07 17:43:52,452 - INFO - Entering the passenger name
2024-12-07 17:43:52,492 - ERROR - An error occurred: Message: no such element: Unable to locate element: {"method":"xpath","selector":"//*[@id="ui-panel-37-content"]/div/div[1]/div[2]/div/app-passenger/div/div[1]/span/div[1]/p-autocomplete/span/input"}
  (Session info: chrome=131.0.6778.109); For documentation on this error, please visit: https://www.selenium.dev/documentation/webdriver/troubleshooting/errors#no-such-element-exception
Stacktrace:
	GetHandleVerifier [0x00007FF637A36CF5+28821]
	(No symbol) [0x00007FF6379A3880]
	(No symbol) [0x00007FF63784578A]
	(No symbol) [0x00007FF6378991BE]
	(No symbol) [0x00007FF6378994AC]
	(No symbol) [0x00007FF6378E2647]
	(No symbol) [0x00007FF6378BF33F]
	(No symbol) [0x00007FF6378DF412]
	(No symbol) [0x00007FF6378BF0A3]
	(No symbol) [0x00007FF63788A778]
	(No symbol) [0x00007FF63788B8E1]
	GetHandleVerifier [0x00007FF637D6FCED+3408013]
	GetHandleVerifier [0x00007FF637D8745F+3504127]
	GetHandleVerifier [0x00007FF637D7B63D+3455453]
	GetHandleVerifier [0x00007FF637AFBDFB+835995]
	(No symbol) [0x00007FF6379AEB9F]
	(No symbol) [0x00007FF6379AA854]
	(No symbol) [0x00007FF6379AA9ED]
	(No symbol) [0x00007FF63799A1D9]
	BaseThreadInitThunk [0x00007FFE15207374+20]
	RtlUserThreadStart [0x00007FFE1625CC91+33]

