2024-12-06 22:43:33,739 - INFO - Initializing WebDriver for Chrome
2024-12-06 22:43:37,564 - INFO - Opening IRCTC homepage
2024-12-06 22:43:44,565 - INFO - Homepage opened successfully
2024-12-06 22:43:44,568 - INFO - Test Case 1 Passed
2024-12-06 22:43:44,569 - INFO - Clicking on Login Button
2024-12-06 22:43:46,919 - INFO - Entering username
2024-12-06 22:43:49,413 - INFO - Entered username
2024-12-06 22:43:49,413 - INFO - Entering password
2024-12-06 22:43:51,797 - INFO - Entered password
2024-12-06 22:43:51,797 - INFO - Handling CAPTCHA
2024-12-06 22:43:52,786 - INFO - Extracted CAPTCHA text: MM@4X@
2024-12-06 22:43:52,788 - INFO - Locating and entering Captcha
2024-12-06 22:43:53,128 - INFO - Entered Captcha
2024-12-06 22:43:56,633 - INFO - Login successful
2024-12-06 22:43:56,634 - INFO - Test Case 2 Passed
2024-12-06 22:43:56,634 - INFO - Entering source station
2024-12-06 22:43:58,407 - INFO - Entering destination station
2024-12-06 22:44:00,070 - INFO - Entering journey date
2024-12-06 22:44:00,890 - INFO - Selecting class of journey
2024-12-06 22:44:01,974 - INFO - Checking concession checkbox
2024-12-06 22:44:02,467 - INFO - Closing concession popup
2024-12-06 22:44:02,679 - INFO - Finding trains
2024-12-06 22:44:08,077 - INFO - Closing the browser
