2024-12-06 13:30:11,672 - INFO - Initializing WebDriver for Chrome
2024-12-06 13:30:15,599 - INFO - Opening IRCTC homepage
2024-12-06 13:30:23,636 - INFO - Test Case 1 Passed
2024-12-06 13:30:23,636 - INFO - Clicking on Login Button
2024-12-06 13:30:24,111 - INFO - Clicked on Login Button
2024-12-06 13:30:27,123 - INFO - Locating and entering username
2024-12-06 13:30:29,628 - INFO - Entered username
2024-12-06 13:30:29,629 - INFO - Locating and entering password
2024-12-06 13:30:31,964 - INFO - Entered password
2024-12-06 13:30:31,964 - INFO - Finding the captcha code and storing in png file
2024-12-06 13:30:31,999 - INFO - extracting the captcha code and saving in png file
2024-12-06 13:30:32,179 - INFO - extracting the captcha code text
2024-12-06 13:30:33,271 - INFO - extracted the captcha code text
2024-12-06 13:30:33,273 - INFO - Locating and entering Captcha
2024-12-06 13:30:33,659 - INFO - Entered Captcha
2024-12-06 13:30:37,106 - INFO - Login Successfully !
2024-12-06 13:30:37,106 - INFO - Test Case 2 Passed
2024-12-06 13:30:37,106 - INFO - Enter the source 
2024-12-06 13:30:38,115 - INFO - Entered Source
2024-12-06 13:30:38,116 - INFO - Enter the Destination 
2024-12-06 13:30:39,812 - INFO - Entered Destination
2024-12-06 13:30:42,820 - INFO - Entering the date
2024-12-06 13:30:42,857 - ERROR - An error occurred: Message: no such element: Unable to locate element: {"method":"xpath","selector":"//*[@id="jDate"]/span/input"}
  (Session info: chrome=131.0.6778.109); For documentation on this error, please visit: https://www.selenium.dev/documentation/webdriver/troubleshooting/errors#no-such-element-exception
Stacktrace:
	GetHandleVerifier [0x00007FF701736CF5+28821]
	(No symbol) [0x00007FF7016A3880]
	(No symbol) [0x00007FF70154578A]
	(No symbol) [0x00007FF7015991BE]
	(No symbol) [0x00007FF7015994AC]
	(No symbol) [0x00007FF7015E2647]
	(No symbol) [0x00007FF7015BF33F]
	(No symbol) [0x00007FF7015DF412]
	(No symbol) [0x00007FF7015BF0A3]
	(No symbol) [0x00007FF70158A778]
	(No symbol) [0x00007FF70158B8E1]
	GetHandleVerifier [0x00007FF701A6FCED+3408013]
	GetHandleVerifier [0x00007FF701A8745F+3504127]
	GetHandleVerifier [0x00007FF701A7B63D+3455453]
	GetHandleVerifier [0x00007FF7017FBDFB+835995]
	(No symbol) [0x00007FF7016AEB9F]
	(No symbol) [0x00007FF7016AA854]
	(No symbol) [0x00007FF7016AA9ED]
	(No symbol) [0x00007FF70169A1D9]
	BaseThreadInitThunk [0x00007FFDC2277374+20]
	RtlUserThreadStart [0x00007FFDC259CC91+33]

2024-12-06 13:30:47,859 - INFO - Closing the browser
2024-12-06 13:30:47,859 - INFO - -----------------------------$-------------------------$------------------------------------------
