2024-12-06 23:39:56,503 - INFO - Initializing WebDriver for Chrome
2024-12-06 23:40:00,102 - INFO - Opening IRCTC homepage
2024-12-06 23:40:07,172 - INFO - Test Case 1 Passed
2024-12-06 23:40:07,173 - INFO - Enter the source 
2024-12-06 23:40:23,318 - INFO - Entered Source
2024-12-06 23:40:23,318 - INFO - Enter the Destination 
2024-12-06 23:40:24,570 - INFO - Entering the date
2024-12-06 23:40:25,257 - INFO - Entered the date
2024-12-06 23:40:25,257 - INFO - Waiting for class selection dropdown
2024-12-06 23:40:25,571 - INFO - Selecting travel class
2024-12-06 23:40:26,803 - INFO - Clicked Checkbox
2024-12-06 23:40:26,804 - INFO - trying for closing popup window by ok
2024-12-06 23:40:27,077 - INFO - closed popups
2024-12-06 23:40:32,321 - INFO - Searching Train 
2024-12-06 23:40:35,328 - INFO - Test Cases 3 passed
2024-12-06 23:40:35,389 - ERROR - An error occurred: Message: no such element: Unable to locate element: {"method":"xpath","selector":"//div[contains(@class, 'train-heading')]//strong[contains(text(), 'LTT PATNA EXP (13202)')]"}
  (Session info: chrome=131.0.6778.109); For documentation on this error, please visit: https://www.selenium.dev/documentation/webdriver/troubleshooting/errors#no-such-element-exception
Stacktrace:
	GetHandleVerifier [0x00007FF660776CF5+28821]
	(No symbol) [0x00007FF6606E3880]
	(No symbol) [0x00007FF66058578A]
	(No symbol) [0x00007FF6605D91BE]
	(No symbol) [0x00007FF6605D94AC]
	(No symbol) [0x00007FF660622647]
	(No symbol) [0x00007FF6605FF33F]
	(No symbol) [0x00007FF66061F412]
	(No symbol) [0x00007FF6605FF0A3]
	(No symbol) [0x00007FF6605CA778]
	(No symbol) [0x00007FF6605CB8E1]
	GetHandleVerifier [0x00007FF660AAFCED+3408013]
	GetHandleVerifier [0x00007FF660AC745F+3504127]
	GetHandleVerifier [0x00007FF660ABB63D+3455453]
	GetHandleVerifier [0x00007FF66083BDFB+835995]
	(No symbol) [0x00007FF6606EEB9F]
	(No symbol) [0x00007FF6606EA854]
	(No symbol) [0x00007FF6606EA9ED]
	(No symbol) [0x00007FF6606DA1D9]
	BaseThreadInitThunk [0x00007FFE5AA27374+20]
	RtlUserThreadStart [0x00007FFE5B65CC91+33]

2024-12-06 23:40:40,394 - INFO - Closing the browser
2024-12-06 23:40:40,394 - INFO - -----------------------------$-------------------------$------------------------------------------
