2024-12-06 13:04:43,227 - INFO - Initializing WebDriver for Chrome
2024-12-06 13:04:46,918 - INFO - Opening IRCTC homepage
2024-12-06 13:04:55,920 - INFO - Test Case 1 Passed
2024-12-06 13:04:55,920 - INFO - Clicking on Login Button
2024-12-06 13:04:59,139 - INFO - Clicked on Login Button
2024-12-06 13:04:59,245 - INFO - Locating and entering username
2024-12-06 13:05:01,889 - INFO - Entered username
2024-12-06 13:05:01,889 - INFO - Locating and entering password
2024-12-06 13:05:04,219 - INFO - Entered password
2024-12-06 13:05:04,220 - INFO - Finding the captcha code and storing in png file
2024-12-06 13:05:04,250 - INFO - extracting the captcha code and saving in png file
2024-12-06 13:05:04,398 - INFO - extracting the captcha code text
2024-12-06 13:05:05,038 - INFO - extracted the captcha code text
2024-12-06 13:05:05,042 - INFO - Locating and entering Captcha
2024-12-06 13:05:05,435 - INFO - Entered Captcha
2024-12-06 13:05:08,806 - INFO - Login Successfully !
2024-12-06 13:05:08,806 - INFO - Test Case 2 Passed
2024-12-06 13:05:08,807 - INFO - Enter the source 
2024-12-06 13:05:09,734 - INFO - Entered Source
2024-12-06 13:05:09,735 - INFO - Enter the Destination 
2024-12-06 13:05:11,165 - INFO - Entered Destination
2024-12-06 13:05:11,166 - INFO - Entering the date
2024-12-06 13:05:12,592 - ERROR - An error occurred: Message: stale element reference: stale element not found in the current frame
  (Session info: chrome=131.0.6778.109); For documentation on this error, please visit: https://www.selenium.dev/documentation/webdriver/troubleshooting/errors#stale-element-reference-exception
Stacktrace:
	GetHandleVerifier [0x00007FF701736CF5+28821]
	(No symbol) [0x00007FF7016A3880]
	(No symbol) [0x00007FF70154578A]
	(No symbol) [0x00007FF70154C2ED]
	(No symbol) [0x00007FF70154EFCC]
	(No symbol) [0x00007FF70154F09F]
	(No symbol) [0x00007FF70159B34B]
	(No symbol) [0x00007FF70159A339]
	(No symbol) [0x00007FF70158CD9B]
	(No symbol) [0x00007FF7015BF2FA]
	(No symbol) [0x00007FF70158C3F6]
	(No symbol) [0x00007FF7015BF510]
	(No symbol) [0x00007FF7015DF412]
	(No symbol) [0x00007FF7015BF0A3]
	(No symbol) [0x00007FF70158A778]
	(No symbol) [0x00007FF70158B8E1]
	GetHandleVerifier [0x00007FF701A6FCED+3408013]
	GetHandleVerifier [0x00007FF701A8745F+3504127]
	GetHandleVerifier [0x00007FF701A7B63D+3455453]
	GetHandleVerifier [0x00007FF7017FBDFB+835995]
	(No symbol) [0x00007FF7016AEB9F]
	(No symbol) [0x00007FF7016AA854]
	(No symbol) [0x00007FF7016AA9ED]
	(No symbol) [0x00007FF70169A1D9]
	BaseThreadInitThunk [0x00007FFDC2277374+20]
	RtlUserThreadStart [0x00007FFDC259CC91+33]

2024-12-06 13:05:17,601 - INFO - Closing the browser
2024-12-06 13:05:17,601 - INFO - -----------------------------$-------------------------$------------------------------------------
