2024-12-06 22:37:35,847 - INFO - Initializing WebDriver for Chrome
2024-12-06 22:37:39,498 - INFO - Opening IRCTC homepage
2024-12-06 22:37:46,481 - INFO - Homepage opened successfully
2024-12-06 22:37:46,481 - INFO - Test Case 1 Passed
2024-12-06 22:37:46,482 - INFO - Clicking on Login Button
2024-12-06 22:37:50,497 - INFO - Entering username
2024-12-06 22:37:52,766 - INFO - Entered username
2024-12-06 22:37:52,767 - INFO - Entering password
2024-12-06 22:37:55,151 - INFO - Entered password
2024-12-06 22:37:55,151 - INFO - Handling CAPTCHA
2024-12-06 22:37:56,633 - INFO - Extracted CAPTCHA text: VEen
2024-12-06 22:37:56,639 - INFO - Locating and entering Captcha
2024-12-06 22:37:57,104 - INFO - Entered Captcha
2024-12-06 22:38:03,150 - INFO - Login successful
2024-12-06 22:38:03,150 - INFO - Test Case 2 Passed
2024-12-06 22:38:03,151 - INFO - Entering source station
2024-12-06 22:38:04,169 - INFO - Entering destination station
2024-12-06 22:38:05,726 - INFO - Entering journey date
2024-12-06 22:38:06,631 - INFO - Selecting class of journey
2024-12-06 22:38:07,179 - INFO - Checking concession checkbox
2024-12-06 22:38:07,524 - INFO - Closing concession popup
2024-12-06 22:38:07,779 - INFO - Finding trains
2024-12-06 22:38:13,131 - INFO - Closing the browser
