2024-12-06 13:24:05,287 - INFO - Initializing WebDriver for Chrome
2024-12-06 13:24:08,931 - INFO - Opening IRCTC homepage
2024-12-06 13:24:09,293 - INFO - Test Case 1 Passed
2024-12-06 13:24:09,293 - INFO - Clicking on Login Button
2024-12-06 13:24:17,200 - INFO - Clicked on Login Button
2024-12-06 13:24:17,296 - INFO - Locating and entering username
2024-12-06 13:24:19,595 - INFO - Entered username
2024-12-06 13:24:19,595 - INFO - Locating and entering password
2024-12-06 13:24:21,915 - INFO - Entered password
2024-12-06 13:24:21,915 - INFO - Finding the captcha code and storing in png file
2024-12-06 13:24:21,947 - INFO - extracting the captcha code and saving in png file
2024-12-06 13:24:22,148 - INFO - extracting the captcha code text
2024-12-06 13:24:22,726 - INFO - extracted the captcha code text
2024-12-06 13:24:22,728 - INFO - Locating and entering Captcha
2024-12-06 13:24:23,120 - INFO - Entered Captcha
2024-12-06 13:24:28,538 - INFO - Login Successfully !
2024-12-06 13:24:28,538 - INFO - Test Case 2 Passed
2024-12-06 13:24:28,538 - INFO - Enter the source 
2024-12-06 13:24:29,623 - INFO - Entered Source
2024-12-06 13:24:29,624 - INFO - Enter the Destination 
2024-12-06 13:24:30,782 - INFO - Entered Destination
2024-12-06 13:24:30,783 - INFO - Entering the date
2024-12-06 13:24:31,899 - ERROR - An error occurred: Message: stale element reference: stale element not found in the current frame
  (Session info: chrome=131.0.6778.109); For documentation on this error, please visit: https://www.selenium.dev/documentation/webdriver/troubleshooting/errors#stale-element-reference-exception
Stacktrace:
	GetHandleVerifier [0x00007FF701736CF5+28821]
	(No symbol) [0x00007FF7016A3880]
	(No symbol) [0x00007FF70154578A]
	(No symbol) [0x00007FF70154C2ED]
	(No symbol) [0x00007FF70154EFCC]
	(No symbol) [0x00007FF70154F09F]
	(No symbol) [0x00007FF70159A0AC]
	(No symbol) [0x00007FF70158D440]
	(No symbol) [0x00007FF7015BF2FA]
	(No symbol) [0x00007FF70158C3F6]
	(No symbol) [0x00007FF7015BF510]
	(No symbol) [0x00007FF7015DF412]
	(No symbol) [0x00007FF7015BF0A3]
	(No symbol) [0x00007FF70158A778]
	(No symbol) [0x00007FF70158B8E1]
	GetHandleVerifier [0x00007FF701A6FCED+3408013]
	GetHandleVerifier [0x00007FF701A8745F+3504127]
	GetHandleVerifier [0x00007FF701A7B63D+3455453]
	GetHandleVerifier [0x00007FF7017FBDFB+835995]
	(No symbol) [0x00007FF7016AEB9F]
	(No symbol) [0x00007FF7016AA854]
	(No symbol) [0x00007FF7016AA9ED]
	(No symbol) [0x00007FF70169A1D9]
	BaseThreadInitThunk [0x00007FFDC2277374+20]
	RtlUserThreadStart [0x00007FFDC259CC91+33]

2024-12-06 13:24:36,912 - INFO - Closing the browser
2024-12-06 13:24:36,912 - INFO - -----------------------------$-------------------------$------------------------------------------
