2024-12-06 20:37:09,424 - INFO - Initializing WebDriver for Chrome
2024-12-06 20:37:14,160 - INFO - Opening IRCTC homepage
2024-12-06 20:37:22,127 - INFO - Test Case 1 Passed
2024-12-06 20:37:22,128 - INFO - Clicking on Login Button
2024-12-06 20:37:23,749 - INFO - Clicked on Login Button
2024-12-06 20:37:24,613 - INFO - Locating and entering username
2024-12-06 20:37:27,099 - INFO - Entered username
2024-12-06 20:37:27,099 - INFO - Locating and entering password
2024-12-06 20:37:29,454 - INFO - Entered password
2024-12-06 20:37:29,455 - INFO - Finding the captcha code and storing in png file
2024-12-06 20:37:29,484 - INFO - extracting the captcha code and saving in png file
2024-12-06 20:37:29,679 - INFO - extracting the captcha code text
2024-12-06 20:37:30,549 - INFO - extracted the captcha code text
2024-12-06 20:37:30,551 - INFO - Locating and entering Captcha
2024-12-06 20:37:31,041 - INFO - Entered Captcha
2024-12-06 20:37:36,270 - INFO - Login Successfully !
2024-12-06 20:37:36,270 - INFO - Test Case 2 Passed
2024-12-06 20:37:36,270 - INFO - Enter the source 
2024-12-06 20:37:52,189 - INFO - Entered Source
2024-12-06 20:37:52,191 - INFO - Enter the Destination 
2024-12-06 20:37:53,794 - INFO - Entering the date
2024-12-06 20:37:54,408 - INFO - Entered the date
2024-12-06 20:37:54,408 - INFO - Waiting for class selection dropdown
2024-12-06 20:37:55,028 - INFO - Selecting travel class
2024-12-06 20:37:55,655 - INFO - Clicked Checkbox
2024-12-06 20:37:55,655 - INFO - trying for closing popup window by ok
2024-12-06 20:37:55,855 - INFO - closed popups
2024-12-06 20:38:01,633 - INFO - Searching Train 
2024-12-06 20:38:04,641 - INFO - Test Cases 3 passed
2024-12-06 20:38:09,653 - INFO - Closing the browser
2024-12-06 20:38:09,654 - INFO - -----------------------------$-------------------------$------------------------------------------
