2024-12-07 17:57:57,277 - INFO - Initializing WebDriver for Chrome
2024-12-07 17:58:01,123 - INFO - Opening IRCTC homepage
2024-12-07 17:58:01,467 - INFO - Homepage opened successfully
2024-12-07 17:58:01,467 - INFO - Test Case 1 Passed
2024-12-07 17:58:04,482 - INFO - Entering source station
2024-12-07 17:58:10,999 - INFO - Entering destination station
2024-12-07 17:58:12,552 - INFO - Entering journey date
2024-12-07 17:58:13,342 - INFO - Selecting class of journey
2024-12-07 17:58:13,960 - INFO - Checking concession checkbox
2024-12-07 17:58:14,335 - INFO - Closing concession popup
2024-12-07 17:58:14,639 - INFO - Finding trains
2024-12-07 17:58:18,054 - INFO - Selecting train
2024-12-07 17:58:21,162 - INFO - Find the Train Name
2024-12-07 17:58:21,163 - INFO - Refreshing and selecting date
2024-12-07 17:58:21,459 - INFO - refreshing done
2024-12-07 17:58:23,469 - INFO - Selecting date for journey
2024-12-07 17:58:23,661 - INFO - Selected date
2024-12-07 17:58:23,661 - INFO - pressing book button
2024-12-07 17:58:24,159 - INFO - pressed book button
2024-12-07 17:58:27,230 - INFO - Entering username
2024-12-07 17:58:29,540 - INFO - Entered username
2024-12-07 17:58:29,540 - INFO - Entering password
2024-12-07 17:58:31,830 - INFO - Entered password
2024-12-07 17:58:31,830 - INFO - Handling CAPTCHA
2024-12-07 17:58:32,508 - INFO - Extracted CAPTCHA text: FT Q6nG
2024-12-07 17:58:32,509 - INFO - Locating and entering Captcha
2024-12-07 17:58:32,802 - INFO - Entered Captcha
2024-12-07 17:58:36,205 - INFO - Login successful
2024-12-07 17:58:36,205 - INFO - Test Case 2 Passed
2024-12-07 17:58:39,220 - INFO - Entering the passenger name
2024-12-07 17:58:39,246 - ERROR - Failed to book train: Message: no such element: Unable to locate element: {"method":"css selector","selector":"input[placeholder='Name']"}
  (Session info: chrome=131.0.6778.109); For documentation on this error, please visit: https://www.selenium.dev/documentation/webdriver/troubleshooting/errors#no-such-element-exception
Stacktrace:
	GetHandleVerifier [0x00007FF637A36CF5+28821]
	(No symbol) [0x00007FF6379A3880]
	(No symbol) [0x00007FF63784578A]
	(No symbol) [0x00007FF6378991BE]
	(No symbol) [0x00007FF6378994AC]
	(No symbol) [0x00007FF6378E2647]
	(No symbol) [0x00007FF6378BF33F]
	(No symbol) [0x00007FF6378DF412]
	(No symbol) [0x00007FF6378BF0A3]
	(No symbol) [0x00007FF63788A778]
	(No symbol) [0x00007FF63788B8E1]
	GetHandleVerifier [0x00007FF637D6FCED+3408013]
	GetHandleVerifier [0x00007FF637D8745F+3504127]
	GetHandleVerifier [0x00007FF637D7B63D+3455453]
	GetHandleVerifier [0x00007FF637AFBDFB+835995]
	(No symbol) [0x00007FF6379AEB9F]
	(No symbol) [0x00007FF6379AA854]
	(No symbol) [0x00007FF6379AA9ED]
	(No symbol) [0x00007FF63799A1D9]
	BaseThreadInitThunk [0x00007FFE15207374+20]
	RtlUserThreadStart [0x00007FFE1625CC91+33]

