2024-12-06 20:01:30,395 - INFO - Initializing WebDriver for Chrome
2024-12-06 20:01:34,266 - INFO - Opening IRCTC homepage
2024-12-06 20:01:46,743 - INFO - Test Case 1 Passed
2024-12-06 20:01:46,744 - INFO - Clicking on Login Button
2024-12-06 20:01:47,308 - INFO - Clicked on Login Button
2024-12-06 20:01:48,321 - INFO - Locating and entering username
2024-12-06 20:01:50,630 - INFO - Entered username
2024-12-06 20:01:50,630 - INFO - Locating and entering password
2024-12-06 20:01:54,333 - INFO - Entered password
2024-12-06 20:01:54,333 - INFO - Finding the captcha code and storing in png file
2024-12-06 20:01:54,377 - INFO - extracting the captcha code and saving in png file
2024-12-06 20:01:54,627 - INFO - extracting the captcha code text
2024-12-06 20:01:55,220 - INFO - extracted the captcha code text
2024-12-06 20:01:55,221 - INFO - Locating and entering Captcha
2024-12-06 20:01:55,595 - INFO - Entered Captcha
2024-12-06 20:01:58,956 - INFO - Login Successfully !
2024-12-06 20:01:58,957 - INFO - Test Case 2 Passed
2024-12-06 20:01:58,958 - INFO - Enter the source 
2024-12-06 20:02:01,362 - INFO - Entered Source
2024-12-06 20:02:01,362 - INFO - Enter the Destination 
2024-12-06 20:02:02,968 - INFO - Entered Destination
2024-12-06 20:02:05,973 - INFO - Entering the date
2024-12-06 20:02:06,470 - INFO - Entered the date
2024-12-06 20:02:09,471 - INFO - Selecting the Class
2024-12-06 20:02:10,052 - INFO - Entered the Class
2024-12-06 20:02:10,379 - INFO - Clicked Checkbox
2024-12-06 20:02:15,718 - ERROR - An error occurred: Message: 
Stacktrace:
	GetHandleVerifier [0x00007FF7A59B6CF5+28821]
	(No symbol) [0x00007FF7A5923880]
	(No symbol) [0x00007FF7A57C578A]
	(No symbol) [0x00007FF7A58191BE]
	(No symbol) [0x00007FF7A58194AC]
	(No symbol) [0x00007FF7A5862647]
	(No symbol) [0x00007FF7A583F33F]
	(No symbol) [0x00007FF7A585F412]
	(No symbol) [0x00007FF7A583F0A3]
	(No symbol) [0x00007FF7A580A778]
	(No symbol) [0x00007FF7A580B8E1]
	GetHandleVerifier [0x00007FF7A5CEFCED+3408013]
	GetHandleVerifier [0x00007FF7A5D0745F+3504127]
	GetHandleVerifier [0x00007FF7A5CFB63D+3455453]
	GetHandleVerifier [0x00007FF7A5A7BDFB+835995]
	(No symbol) [0x00007FF7A592EB9F]
	(No symbol) [0x00007FF7A592A854]
	(No symbol) [0x00007FF7A592A9ED]
	(No symbol) [0x00007FF7A591A1D9]
	BaseThreadInitThunk [0x00007FFE403D7374+20]
	RtlUserThreadStart [0x00007FFE414FCC91+33]

2024-12-06 20:02:20,725 - INFO - Closing the browser
2024-12-06 20:02:20,725 - INFO - -----------------------------$-------------------------$------------------------------------------
