2024-12-06 19:29:33,985 - INFO - Initializing WebDriver for Chrome
2024-12-06 19:29:37,675 - INFO - Opening IRCTC homepage
2024-12-06 19:29:46,816 - INFO - Test Case 1 Passed
2024-12-06 19:29:46,817 - INFO - Clicking on Login Button
2024-12-06 19:29:48,985 - INFO - Clicked on Login Button
2024-12-06 19:29:49,129 - INFO - Locating and entering username
2024-12-06 19:29:51,652 - INFO - Entered username
2024-12-06 19:29:51,653 - INFO - Locating and entering password
2024-12-06 19:29:53,993 - INFO - Entered password
2024-12-06 19:29:53,993 - INFO - Finding the captcha code and storing in png file
2024-12-06 19:29:54,025 - INFO - extracting the captcha code and saving in png file
2024-12-06 19:29:54,155 - INFO - extracting the captcha code text
2024-12-06 19:29:54,699 - INFO - extracted the captcha code text
2024-12-06 19:29:54,700 - INFO - Locating and entering Captcha
2024-12-06 19:29:55,012 - INFO - Entered Captcha
2024-12-06 19:30:00,295 - INFO - Login Successfully !
2024-12-06 19:30:00,295 - INFO - Test Case 2 Passed
2024-12-06 19:30:00,296 - INFO - Enter the source 
2024-12-06 19:30:01,165 - INFO - Entered Source
2024-12-06 19:30:01,166 - INFO - Enter the Destination 
2024-12-06 19:30:21,997 - ERROR - An error occurred: Message: 
Stacktrace:
	GetHandleVerifier [0x00007FF7A59B6CF5+28821]
	(No symbol) [0x00007FF7A5923880]
	(No symbol) [0x00007FF7A57C578A]
	(No symbol) [0x00007FF7A58191BE]
	(No symbol) [0x00007FF7A58194AC]
	(No symbol) [0x00007FF7A5862647]
	(No symbol) [0x00007FF7A583F33F]
	(No symbol) [0x00007FF7A585F412]
	(No symbol) [0x00007FF7A583F0A3]
	(No symbol) [0x00007FF7A580A778]
	(No symbol) [0x00007FF7A580B8E1]
	GetHandleVerifier [0x00007FF7A5CEFCED+3408013]
	GetHandleVerifier [0x00007FF7A5D0745F+3504127]
	GetHandleVerifier [0x00007FF7A5CFB63D+3455453]
	GetHandleVerifier [0x00007FF7A5A7BDFB+835995]
	(No symbol) [0x00007FF7A592EB9F]
	(No symbol) [0x00007FF7A592A854]
	(No symbol) [0x00007FF7A592A9ED]
	(No symbol) [0x00007FF7A591A1D9]
	BaseThreadInitThunk [0x00007FFE403D7374+20]
	RtlUserThreadStart [0x00007FFE414FCC91+33]

2024-12-06 19:30:27,011 - INFO - Closing the browser
2024-12-06 19:30:27,011 - INFO - -----------------------------$-------------------------$------------------------------------------
