2024-12-06 12:24:28,933 - INFO - Initializing WebDriver for Chrome
2024-12-06 12:24:32,881 - INFO - Opening IRCTC homepage
2024-12-06 12:24:33,064 - INFO - Test Case 1 Passed
2024-12-06 12:24:33,065 - INFO - Clicking on Login Button
2024-12-06 12:24:40,706 - INFO - Clicked on Login Button
2024-12-06 12:24:41,910 - INFO - Locating and entering username
2024-12-06 12:24:44,341 - INFO - Entered username
2024-12-06 12:24:44,341 - INFO - Locating and entering password
2024-12-06 12:24:47,022 - INFO - Entered password
2024-12-06 12:24:47,023 - INFO - Finding the captcha code and storing in png file
2024-12-06 12:24:47,159 - INFO - extracting the captcha code and saving in png file
2024-12-06 12:24:47,386 - INFO - extracting the captcha code text
2024-12-06 12:24:48,243 - INFO - extracted the captcha code text
2024-12-06 12:24:48,245 - INFO - Locating and entering Captcha
2024-12-06 12:24:48,575 - INFO - Entered Captcha
2024-12-06 12:24:51,929 - INFO - Login Successfully !
2024-12-06 12:24:51,929 - INFO - Test Case 2 Passed
2024-12-06 12:24:51,930 - INFO - Enter the source 
2024-12-06 12:24:54,161 - INFO - Entered Source
2024-12-06 12:24:54,162 - INFO - Enter the Destination 
2024-12-06 12:24:55,181 - INFO - Entered Destination
2024-12-06 12:24:55,181 - INFO - Entering the date
2024-12-06 12:24:56,281 - ERROR - An error occurred: Message: stale element reference: stale element not found in the current frame
  (Session info: chrome=131.0.6778.109); For documentation on this error, please visit: https://www.selenium.dev/documentation/webdriver/troubleshooting/errors#stale-element-reference-exception
Stacktrace:
	GetHandleVerifier [0x00007FF701736CF5+28821]
	(No symbol) [0x00007FF7016A3880]
	(No symbol) [0x00007FF70154578A]
	(No symbol) [0x00007FF70154C2ED]
	(No symbol) [0x00007FF70154EFCC]
	(No symbol) [0x00007FF70154F09F]
	(No symbol) [0x00007FF70159B34B]
	(No symbol) [0x00007FF70158CA96]
	(No symbol) [0x00007FF7015BF2FA]
	(No symbol) [0x00007FF70158C3F6]
	(No symbol) [0x00007FF7015BF510]
	(No symbol) [0x00007FF7015DF412]
	(No symbol) [0x00007FF7015BF0A3]
	(No symbol) [0x00007FF70158A778]
	(No symbol) [0x00007FF70158B8E1]
	GetHandleVerifier [0x00007FF701A6FCED+3408013]
	GetHandleVerifier [0x00007FF701A8745F+3504127]
	GetHandleVerifier [0x00007FF701A7B63D+3455453]
	GetHandleVerifier [0x00007FF7017FBDFB+835995]
	(No symbol) [0x00007FF7016AEB9F]
	(No symbol) [0x00007FF7016AA854]
	(No symbol) [0x00007FF7016AA9ED]
	(No symbol) [0x00007FF70169A1D9]
	BaseThreadInitThunk [0x00007FFDC2277374+20]
	RtlUserThreadStart [0x00007FFDC259CC91+33]

2024-12-06 12:25:06,285 - INFO - Closing the browser
2024-12-06 12:25:06,285 - INFO - -----------------------------$-------------------------$------------------------------------------
