2024-12-06 19:11:11,275 - INFO - Initializing WebDriver for Chrome
2024-12-06 19:11:15,080 - INFO - Opening IRCTC homepage
2024-12-06 19:11:30,233 - INFO - Test Case 1 Passed
2024-12-06 19:11:30,233 - INFO - Enter the source 
2024-12-06 19:11:31,792 - INFO - Entered Source
2024-12-06 19:11:31,792 - INFO - Enter the Destination 
2024-12-06 19:11:32,757 - INFO - Entered Destination
2024-12-06 19:11:32,758 - INFO - Entering the date
2024-12-06 19:11:34,043 - ERROR - An error occurred: Message: element click intercepted: Element <input type="text" autocomplete="off" class="ng-tns-c58-10 ui-inputtext ui-widget ui-state-default ui-corner-all ng-star-inserted" placeholder=""> is not clickable at point (537, 312). Other element would receive the click: <span class="ui-confirmdialog-message ng-tns-c56-7">...</span>
  (Session info: chrome=131.0.6778.109)
Stacktrace:
	GetHandleVerifier [0x00007FF7A59B6CF5+28821]
	(No symbol) [0x00007FF7A5923880]
	(No symbol) [0x00007FF7A57C578A]
	(No symbol) [0x00007FF7A5820E8E]
	(No symbol) [0x00007FF7A581E92C]
	(No symbol) [0x00007FF7A581BAF6]
	(No symbol) [0x00007FF7A581AA51]
	(No symbol) [0x00007FF7A580CBA0]
	(No symbol) [0x00007FF7A583F2FA]
	(No symbol) [0x00007FF7A580C3F6]
	(No symbol) [0x00007FF7A583F510]
	(No symbol) [0x00007FF7A585F412]
	(No symbol) [0x00007FF7A583F0A3]
	(No symbol) [0x00007FF7A580A778]
	(No symbol) [0x00007FF7A580B8E1]
	GetHandleVerifier [0x00007FF7A5CEFCED+3408013]
	GetHandleVerifier [0x00007FF7A5D0745F+3504127]
	GetHandleVerifier [0x00007FF7A5CFB63D+3455453]
	GetHandleVerifier [0x00007FF7A5A7BDFB+835995]
	(No symbol) [0x00007FF7A592EB9F]
	(No symbol) [0x00007FF7A592A854]
	(No symbol) [0x00007FF7A592A9ED]
	(No symbol) [0x00007FF7A591A1D9]
	BaseThreadInitThunk [0x00007FFE403D7374+20]
	RtlUserThreadStart [0x00007FFE414FCC91+33]

2024-12-06 19:11:39,054 - INFO - Closing the browser
2024-12-06 19:11:39,054 - INFO - -----------------------------$-------------------------$------------------------------------------
