2024-12-06 12:15:49,662 - INFO - Initializing WebDriver for Chrome
2024-12-06 12:15:53,371 - INFO - Opening IRCTC homepage
2024-12-06 12:16:01,135 - INFO - Test Case 1 Passed
2024-12-06 12:16:01,136 - INFO - Enter the source 
2024-12-06 12:16:03,396 - INFO - Entered Source
2024-12-06 12:16:03,397 - INFO - Enter the Destination 
2024-12-06 12:16:04,428 - INFO - Entered Destination
2024-12-06 12:16:04,428 - INFO - Entering the date
2024-12-06 12:16:05,885 - ERROR - An error occurred: Message: no such element: Unable to locate element: {"method":"xpath","selector":"//*[@id="jDate"]/span/div/div/div[2]/table/tbody/tr[1]/td[5]/a"}
  (Session info: chrome=131.0.6778.109); For documentation on this error, please visit: https://www.selenium.dev/documentation/webdriver/troubleshooting/errors#no-such-element-exception
Stacktrace:
	GetHandleVerifier [0x00007FF701736CF5+28821]
	(No symbol) [0x00007FF7016A3880]
	(No symbol) [0x00007FF70154578A]
	(No symbol) [0x00007FF7015991BE]
	(No symbol) [0x00007FF7015994AC]
	(No symbol) [0x00007FF7015E2647]
	(No symbol) [0x00007FF7015BF33F]
	(No symbol) [0x00007FF7015DF412]
	(No symbol) [0x00007FF7015BF0A3]
	(No symbol) [0x00007FF70158A778]
	(No symbol) [0x00007FF70158B8E1]
	GetHandleVerifier [0x00007FF701A6FCED+3408013]
	GetHandleVerifier [0x00007FF701A8745F+3504127]
	GetHandleVerifier [0x00007FF701A7B63D+3455453]
	GetHandleVerifier [0x00007FF7017FBDFB+835995]
	(No symbol) [0x00007FF7016AEB9F]
	(No symbol) [0x00007FF7016AA854]
	(No symbol) [0x00007FF7016AA9ED]
	(No symbol) [0x00007FF70169A1D9]
	BaseThreadInitThunk [0x00007FFDC2277374+20]
	RtlUserThreadStart [0x00007FFDC259CC91+33]

2024-12-06 12:16:15,892 - INFO - Closing the browser
2024-12-06 12:16:15,892 - INFO - -----------------------------$-------------------------$------------------------------------------
