2024-12-06 13:55:13,936 - INFO - Initializing WebDriver for Chrome
2024-12-06 13:55:17,705 - INFO - Opening IRCTC homepage
2024-12-06 13:55:25,492 - INFO - Test Case 1 Passed
2024-12-06 13:55:25,492 - INFO - Clicking on Login Button
2024-12-06 13:55:25,814 - INFO - Clicked on Login Button
2024-12-06 13:55:25,871 - INFO - Locating and entering username
2024-12-06 13:55:28,102 - INFO - Entered username
2024-12-06 13:55:28,102 - INFO - Locating and entering password
2024-12-06 13:55:30,384 - INFO - Entered password
2024-12-06 13:55:30,384 - INFO - Finding the captcha code and storing in png file
2024-12-06 13:55:30,407 - INFO - extracting the captcha code and saving in png file
2024-12-06 13:55:31,763 - INFO - extracting the captcha code text
2024-12-06 13:55:32,232 - INFO - extracted the captcha code text
2024-12-06 13:55:32,233 - INFO - Locating and entering Captcha
2024-12-06 13:55:32,673 - INFO - Entered Captcha
2024-12-06 13:55:35,990 - INFO - Login Successfully !
2024-12-06 13:55:35,990 - INFO - Test Case 2 Passed
2024-12-06 13:55:35,991 - INFO - Enter the source 
2024-12-06 13:55:36,757 - INFO - Entered Source
2024-12-06 13:55:36,757 - INFO - Enter the Destination 
2024-12-06 13:55:37,091 - INFO - Entered Destination
2024-12-06 13:55:40,098 - INFO - Entering the date
2024-12-06 13:55:40,605 - INFO - Entered the date
2024-12-06 13:55:43,616 - INFO - Selecting the Class
2024-12-06 13:55:44,033 - INFO - Entered the Class
2024-12-06 13:55:44,390 - INFO - Clicked Checkbox
2024-12-06 13:55:49,744 - ERROR - An error occurred: Message: 
Stacktrace:
	GetHandleVerifier [0x00007FF701736CF5+28821]
	(No symbol) [0x00007FF7016A3880]
	(No symbol) [0x00007FF70154578A]
	(No symbol) [0x00007FF7015991BE]
	(No symbol) [0x00007FF7015994AC]
	(No symbol) [0x00007FF7015E2647]
	(No symbol) [0x00007FF7015BF33F]
	(No symbol) [0x00007FF7015DF412]
	(No symbol) [0x00007FF7015BF0A3]
	(No symbol) [0x00007FF70158A778]
	(No symbol) [0x00007FF70158B8E1]
	GetHandleVerifier [0x00007FF701A6FCED+3408013]
	GetHandleVerifier [0x00007FF701A8745F+3504127]
	GetHandleVerifier [0x00007FF701A7B63D+3455453]
	GetHandleVerifier [0x00007FF7017FBDFB+835995]
	(No symbol) [0x00007FF7016AEB9F]
	(No symbol) [0x00007FF7016AA854]
	(No symbol) [0x00007FF7016AA9ED]
	(No symbol) [0x00007FF70169A1D9]
	BaseThreadInitThunk [0x00007FFDC2277374+20]
	RtlUserThreadStart [0x00007FFDC259CC91+33]

2024-12-06 13:55:54,750 - INFO - Closing the browser
2024-12-06 13:55:54,750 - INFO - -----------------------------$-------------------------$------------------------------------------
