2024-12-06 14:44:31,650 - INFO - Initializing WebDriver for Chrome
2024-12-06 14:44:35,621 - INFO - Opening IRCTC homepage
2024-12-06 14:44:46,202 - INFO - Test Case 1 Passed
2024-12-06 14:44:46,202 - INFO - Enter the source 
2024-12-06 14:44:46,990 - INFO - Entered Source
2024-12-06 14:44:46,990 - INFO - Enter the Destination 
2024-12-06 14:44:47,674 - INFO - Entered Destination
2024-12-06 14:44:47,674 - INFO - Waiting for date picker and interacting with it
2024-12-06 14:44:48,120 - INFO - Selecting a specific date
2024-12-06 14:44:48,520 - INFO - Waiting for class selection dropdown
2024-12-06 14:44:58,887 - ERROR - An error occurred: Message: 
Stacktrace:
	GetHandleVerifier [0x00007FF701736CF5+28821]
	(No symbol) [0x00007FF7016A3880]
	(No symbol) [0x00007FF70154578A]
	(No symbol) [0x00007FF7015991BE]
	(No symbol) [0x00007FF7015994AC]
	(No symbol) [0x00007FF7015E2647]
	(No symbol) [0x00007FF7015BF33F]
	(No symbol) [0x00007FF7015DF412]
	(No symbol) [0x00007FF7015BF0A3]
	(No symbol) [0x00007FF70158A778]
	(No symbol) [0x00007FF70158B8E1]
	GetHandleVerifier [0x00007FF701A6FCED+3408013]
	GetHandleVerifier [0x00007FF701A8745F+3504127]
	GetHandleVerifier [0x00007FF701A7B63D+3455453]
	GetHandleVerifier [0x00007FF7017FBDFB+835995]
	(No symbol) [0x00007FF7016AEB9F]
	(No symbol) [0x00007FF7016AA854]
	(No symbol) [0x00007FF7016AA9ED]
	(No symbol) [0x00007FF70169A1D9]
	BaseThreadInitThunk [0x00007FFDC2277374+20]
	RtlUserThreadStart [0x00007FFDC259CC91+33]

2024-12-06 14:45:03,894 - INFO - Closing the browser
2024-12-06 14:45:03,895 - INFO - -----------------------------$-------------------------$------------------------------------------
