2024-12-06 23:41:38,653 - INFO - Initializing WebDriver for Chrome
2024-12-06 23:41:42,380 - INFO - Opening IRCTC homepage
2024-12-06 23:41:51,903 - INFO - Test Case 1 Passed
2024-12-06 23:41:51,903 - INFO - Enter the source 
2024-12-06 23:42:07,942 - ERROR - An error occurred: Message: 
Stacktrace:
	GetHandleVerifier [0x00007FF660776CF5+28821]
	(No symbol) [0x00007FF6606E3880]
	(No symbol) [0x00007FF66058578A]
	(No symbol) [0x00007FF6605D91BE]
	(No symbol) [0x00007FF6605D94AC]
	(No symbol) [0x00007FF660622647]
	(No symbol) [0x00007FF6605FF33F]
	(No symbol) [0x00007FF66061F412]
	(No symbol) [0x00007FF6605FF0A3]
	(No symbol) [0x00007FF6605CA778]
	(No symbol) [0x00007FF6605CB8E1]
	GetHandleVerifier [0x00007FF660AAFCED+3408013]
	GetHandleVerifier [0x00007FF660AC745F+3504127]
	GetHandleVerifier [0x00007FF660ABB63D+3455453]
	GetHandleVerifier [0x00007FF66083BDFB+835995]
	(No symbol) [0x00007FF6606EEB9F]
	(No symbol) [0x00007FF6606EA854]
	(No symbol) [0x00007FF6606EA9ED]
	(No symbol) [0x00007FF6606DA1D9]
	BaseThreadInitThunk [0x00007FFE5AA27374+20]
	RtlUserThreadStart [0x00007FFE5B65CC91+33]

2024-12-06 23:42:12,953 - INFO - Closing the browser
2024-12-06 23:42:12,953 - INFO - -----------------------------$-------------------------$------------------------------------------
