2024-12-06 13:46:52,030 - INFO - Initializing WebDriver for Chrome
2024-12-06 13:46:55,867 - INFO - Opening IRCTC homepage
2024-12-06 13:47:03,470 - INFO - Test Case 1 Passed
2024-12-06 13:47:03,471 - INFO - Clicking on Login Button
2024-12-06 13:47:06,272 - INFO - Clicked on Login Button
2024-12-06 13:47:07,989 - INFO - Locating and entering username
2024-12-06 13:47:10,376 - INFO - Entered username
2024-12-06 13:47:10,376 - INFO - Locating and entering password
2024-12-06 13:47:13,104 - INFO - Entered password
2024-12-06 13:47:13,104 - INFO - Finding the captcha code and storing in png file
2024-12-06 13:47:13,146 - INFO - extracting the captcha code and saving in png file
2024-12-06 13:47:13,322 - INFO - extracting the captcha code text
2024-12-06 13:47:14,426 - INFO - extracted the captcha code text
2024-12-06 13:47:14,427 - INFO - Locating and entering Captcha
2024-12-06 13:47:14,806 - INFO - Entered Captcha
2024-12-06 13:47:18,113 - INFO - Login Successfully !
2024-12-06 13:47:18,113 - INFO - Test Case 2 Passed
2024-12-06 13:47:18,113 - INFO - Enter the source 
2024-12-06 13:47:19,756 - INFO - Entered Source
2024-12-06 13:47:19,757 - INFO - Enter the Destination 
2024-12-06 13:47:20,612 - INFO - Entered Destination
2024-12-06 13:47:23,623 - INFO - Entering the date
2024-12-06 13:47:23,660 - ERROR - An error occurred: Message: no such element: Unable to locate element: {"method":"xpath","selector":"//input[contains(@class, "ng-tns-c58-10")]"}
  (Session info: chrome=131.0.6778.109); For documentation on this error, please visit: https://www.selenium.dev/documentation/webdriver/troubleshooting/errors#no-such-element-exception
Stacktrace:
	GetHandleVerifier [0x00007FF701736CF5+28821]
	(No symbol) [0x00007FF7016A3880]
	(No symbol) [0x00007FF70154578A]
	(No symbol) [0x00007FF7015991BE]
	(No symbol) [0x00007FF7015994AC]
	(No symbol) [0x00007FF7015E2647]
	(No symbol) [0x00007FF7015BF33F]
	(No symbol) [0x00007FF7015DF412]
	(No symbol) [0x00007FF7015BF0A3]
	(No symbol) [0x00007FF70158A778]
	(No symbol) [0x00007FF70158B8E1]
	GetHandleVerifier [0x00007FF701A6FCED+3408013]
	GetHandleVerifier [0x00007FF701A8745F+3504127]
	GetHandleVerifier [0x00007FF701A7B63D+3455453]
	GetHandleVerifier [0x00007FF7017FBDFB+835995]
	(No symbol) [0x00007FF7016AEB9F]
	(No symbol) [0x00007FF7016AA854]
	(No symbol) [0x00007FF7016AA9ED]
	(No symbol) [0x00007FF70169A1D9]
	BaseThreadInitThunk [0x00007FFDC2277374+20]
	RtlUserThreadStart [0x00007FFDC259CC91+33]

2024-12-06 13:47:28,667 - INFO - Closing the browser
2024-12-06 13:47:28,667 - INFO - -----------------------------$-------------------------$------------------------------------------
