2024-12-07 18:11:29,340 - INFO - Initializing WebDriver for Chrome
2024-12-07 18:11:32,989 - INFO - Opening IRCTC homepage
2024-12-07 18:11:40,990 - INFO - Homepage opened successfully
2024-12-07 18:11:40,991 - INFO - Test Case 1 Passed
2024-12-07 18:11:43,998 - INFO - Entering source station
2024-12-07 18:11:45,559 - INFO - Entering destination station
2024-12-07 18:11:46,846 - INFO - Entering journey date
2024-12-07 18:11:47,457 - INFO - Selecting class of journey
2024-12-07 18:11:48,057 - INFO - Checking concession checkbox
2024-12-07 18:11:48,424 - INFO - Closing concession popup
2024-12-07 18:11:48,670 - INFO - Finding trains
2024-12-07 18:11:52,031 - INFO - Selecting train
2024-12-07 18:11:55,152 - INFO - Find the Train Name
2024-12-07 18:11:55,152 - INFO - Refreshing and selecting date
2024-12-07 18:11:55,342 - INFO - refreshing done
2024-12-07 18:11:57,350 - INFO - Selecting date for journey
2024-12-07 18:11:57,559 - INFO - Selected date
2024-12-07 18:11:57,559 - INFO - pressing book button
2024-12-07 18:11:57,989 - INFO - pressed book button
2024-12-07 18:12:01,075 - INFO - Entering username
2024-12-07 18:12:03,410 - INFO - Entered username
2024-12-07 18:12:03,410 - INFO - Entering password
2024-12-07 18:12:05,711 - INFO - Entered password
2024-12-07 18:12:05,711 - INFO - Handling CAPTCHA
2024-12-07 18:12:06,441 - INFO - Extracted CAPTCHA text: rfGfN
2024-12-07 18:12:06,442 - INFO - Locating and entering Captcha
2024-12-07 18:12:06,691 - INFO - Entered Captcha
2024-12-07 18:12:10,018 - INFO - Login successful
2024-12-07 18:12:10,018 - INFO - Test Case 2 Passed
2024-12-07 18:12:13,032 - INFO - Entering the passenger name
2024-12-07 18:12:15,272 - INFO - Entering Age
2024-12-07 18:12:17,522 - INFO - Selecting Gender
2024-12-07 18:12:19,727 - INFO - Selecting Berth preference
2024-12-07 18:12:20,044 - ERROR - Failed to book train: Message: invalid selector
from javascript error: {"status":32,"value":"An invalid or illegal selector was specified"}
  (Session info: chrome=131.0.6778.109); For documentation on this error, please visit: https://www.selenium.dev/documentation/webdriver/troubleshooting/errors#invalid-selector-exception
Stacktrace:
	GetHandleVerifier [0x00007FF637A36CF5+28821]
	(No symbol) [0x00007FF6379A3880]
	(No symbol) [0x00007FF63784578A]
	(No symbol) [0x00007FF63784C2ED]
	(No symbol) [0x00007FF63784EFCC]
	(No symbol) [0x00007FF63784F09F]
	(No symbol) [0x00007FF637898C6A]
	(No symbol) [0x00007FF6378994AC]
	(No symbol) [0x00007FF6378E2647]
	(No symbol) [0x00007FF6378BF33F]
	(No symbol) [0x00007FF6378DF412]
	(No symbol) [0x00007FF6378BF0A3]
	(No symbol) [0x00007FF63788A778]
	(No symbol) [0x00007FF63788B8E1]
	GetHandleVerifier [0x00007FF637D6FCED+3408013]
	GetHandleVerifier [0x00007FF637D8745F+3504127]
	GetHandleVerifier [0x00007FF637D7B63D+3455453]
	GetHandleVerifier [0x00007FF637AFBDFB+835995]
	(No symbol) [0x00007FF6379AEB9F]
	(No symbol) [0x00007FF6379AA854]
	(No symbol) [0x00007FF6379AA9ED]
	(No symbol) [0x00007FF63799A1D9]
	BaseThreadInitThunk [0x00007FFE15207374+20]
	RtlUserThreadStart [0x00007FFE1625CC91+33]

2024-12-07 18:12:25,045 - INFO - Closing the browser
