2024-12-06 19:36:36,695 - INFO - Initializing WebDriver for Chrome
2024-12-06 19:36:40,489 - INFO - Opening IRCTC homepage
2024-12-06 19:36:47,436 - INFO - Test Case 1 Passed
2024-12-06 19:36:47,436 - INFO - Enter the source 
2024-12-06 19:36:49,955 - INFO - Entered Source
2024-12-06 19:36:49,956 - INFO - Enter the Destination 
2024-12-06 19:37:00,974 - ERROR - An error occurred: Message: 
Stacktrace:
	GetHandleVerifier [0x00007FF7A59B6CF5+28821]
	(No symbol) [0x00007FF7A5923880]
	(No symbol) [0x00007FF7A57C578A]
	(No symbol) [0x00007FF7A58191BE]
	(No symbol) [0x00007FF7A58194AC]
	(No symbol) [0x00007FF7A5862647]
	(No symbol) [0x00007FF7A583F33F]
	(No symbol) [0x00007FF7A585F412]
	(No symbol) [0x00007FF7A583F0A3]
	(No symbol) [0x00007FF7A580A778]
	(No symbol) [0x00007FF7A580B8E1]
	GetHandleVerifier [0x00007FF7A5CEFCED+3408013]
	GetHandleVerifier [0x00007FF7A5D0745F+3504127]
	GetHandleVerifier [0x00007FF7A5CFB63D+3455453]
	GetHandleVerifier [0x00007FF7A5A7BDFB+835995]
	(No symbol) [0x00007FF7A592EB9F]
	(No symbol) [0x00007FF7A592A854]
	(No symbol) [0x00007FF7A592A9ED]
	(No symbol) [0x00007FF7A591A1D9]
	BaseThreadInitThunk [0x00007FFE403D7374+20]
	RtlUserThreadStart [0x00007FFE414FCC91+33]

2024-12-06 19:37:05,988 - INFO - Closing the browser
2024-12-06 19:37:05,988 - INFO - -----------------------------$-------------------------$------------------------------------------
