2024-12-06 20:29:59,803 - INFO - Initializing WebDriver for Chrome
2024-12-06 20:30:03,493 - INFO - Opening IRCTC homepage
2024-12-06 20:30:12,298 - INFO - Test Case 1 Passed
2024-12-06 20:30:12,299 - INFO - Clicking on Login Button
2024-12-06 20:30:12,891 - INFO - Clicked on Login Button
2024-12-06 20:30:13,938 - INFO - Locating and entering username
2024-12-06 20:30:16,382 - INFO - Entered username
2024-12-06 20:30:16,382 - INFO - Locating and entering password
2024-12-06 20:30:18,923 - INFO - Entered password
2024-12-06 20:30:18,923 - INFO - Finding the captcha code and storing in png file
2024-12-06 20:30:18,954 - INFO - extracting the captcha code and saving in png file
2024-12-06 20:30:19,164 - INFO - extracting the captcha code text
2024-12-06 20:30:19,759 - INFO - extracted the captcha code text
2024-12-06 20:30:19,760 - INFO - Locating and entering Captcha
2024-12-06 20:30:20,202 - INFO - Entered Captcha
2024-12-06 20:30:25,447 - INFO - Login Successfully !
2024-12-06 20:30:25,448 - INFO - Test Case 2 Passed
2024-12-06 20:30:25,448 - INFO - Enter the source 
2024-12-06 20:30:36,984 - INFO - Entered Source
2024-12-06 20:30:36,984 - INFO - Enter the Destination 
2024-12-06 20:30:39,251 - INFO - Entering the date
2024-12-06 20:30:39,935 - INFO - Entered the date
2024-12-06 20:30:39,935 - INFO - Waiting for class selection dropdown
2024-12-06 20:30:40,321 - INFO - Selecting travel class
2024-12-06 20:30:41,730 - INFO - Clicked Checkbox
2024-12-06 20:30:41,730 - INFO - trying for closing popup window by ok
2024-12-06 20:30:42,150 - INFO - closed popups
2024-12-06 20:30:47,496 - INFO - Searching Train 
2024-12-06 20:30:50,511 - INFO - Test Cases 3 passed
2024-12-06 20:30:55,525 - INFO - Closing the browser
2024-12-06 20:30:55,525 - INFO - -----------------------------$-------------------------$------------------------------------------
